2025-03-20 01:15:41,361 INFO    StreamThr :3865511 [internal.py:wandb_internal():86] W&B internal server running at pid: 3865511, started at: 2025-03-20 01:15:41.360246
2025-03-20 01:15:41,363 DEBUG   HandlerThread:3865511 [handler.py:handle_request():146] handle_request: status
2025-03-20 01:15:41,367 INFO    WriterThread:3865511 [datastore.py:open_for_write():87] open: /scratch/pawsey1001/haodongyang/loretta/bert_model/wandb/run-20250320_011541-vctz4tyq/run-vctz4tyq.wandb
2025-03-20 01:15:41,369 DEBUG   SenderThread:3865511 [sender.py:send():382] send: header
2025-03-20 01:15:41,390 DEBUG   SenderThread:3865511 [sender.py:send():382] send: run
2025-03-20 01:15:42,068 INFO    SenderThread:3865511 [dir_watcher.py:__init__():211] watching files in: /scratch/pawsey1001/haodongyang/loretta/bert_model/wandb/run-20250320_011541-vctz4tyq/files
2025-03-20 01:15:42,068 INFO    SenderThread:3865511 [sender.py:_start_run_threads():1136] run started: vctz4tyq with start time 1742404541.365402
2025-03-20 01:15:42,074 DEBUG   HandlerThread:3865511 [handler.py:handle_request():146] handle_request: check_version
2025-03-20 01:15:42,075 DEBUG   SenderThread:3865511 [sender.py:send_request():409] send_request: check_version
2025-03-20 01:15:42,377 DEBUG   HandlerThread:3865511 [handler.py:handle_request():146] handle_request: run_start
2025-03-20 01:15:42,635 DEBUG   HandlerThread:3865511 [system_info.py:__init__():27] System info init
2025-03-20 01:15:42,635 DEBUG   HandlerThread:3865511 [system_info.py:__init__():42] System info init done
2025-03-20 01:15:42,635 INFO    HandlerThread:3865511 [system_monitor.py:start():194] Starting system monitor
2025-03-20 01:15:42,635 INFO    SystemMonitor:3865511 [system_monitor.py:_start():158] Starting system asset monitoring threads
2025-03-20 01:15:42,636 INFO    HandlerThread:3865511 [system_monitor.py:probe():214] Collecting system info
2025-03-20 01:15:42,636 INFO    SystemMonitor:3865511 [interfaces.py:start():190] Started cpu monitoring
2025-03-20 01:15:42,637 INFO    SystemMonitor:3865511 [interfaces.py:start():190] Started disk monitoring
2025-03-20 01:15:42,637 INFO    SystemMonitor:3865511 [interfaces.py:start():190] Started gpuamd monitoring
2025-03-20 01:15:42,638 INFO    SystemMonitor:3865511 [interfaces.py:start():190] Started memory monitoring
2025-03-20 01:15:42,639 INFO    SystemMonitor:3865511 [interfaces.py:start():190] Started network monitoring
2025-03-20 01:15:42,885 WARNING gpuamd    :3865511 [gpu_amd.py:parse_stats():83] Could not parse GPU power as float
2025-03-20 01:15:42,885 WARNING gpuamd    :3865511 [gpu_amd.py:parse_stats():91] Could not parse GPU average/max power as float
2025-03-20 01:15:42,885 WARNING gpuamd    :3865511 [gpu_amd.py:parse_stats():83] Could not parse GPU power as float
2025-03-20 01:15:42,885 WARNING gpuamd    :3865511 [gpu_amd.py:parse_stats():91] Could not parse GPU average/max power as float
2025-03-20 01:15:42,885 WARNING gpuamd    :3865511 [gpu_amd.py:parse_stats():83] Could not parse GPU power as float
2025-03-20 01:15:42,885 WARNING gpuamd    :3865511 [gpu_amd.py:parse_stats():91] Could not parse GPU average/max power as float
2025-03-20 01:15:42,948 DEBUG   HandlerThread:3865511 [system_info.py:probe():151] Probing system
2025-03-20 01:15:42,950 DEBUG   HandlerThread:3865511 [system_info.py:_probe_git():136] Probing git
2025-03-20 01:15:42,965 DEBUG   HandlerThread:3865511 [system_info.py:_probe_git():144] Probing git done
2025-03-20 01:15:42,965 DEBUG   HandlerThread:3865511 [system_info.py:probe():199] Probing system done
2025-03-20 01:15:42,965 DEBUG   HandlerThread:3865511 [system_monitor.py:probe():223] {'os': 'Linux-5.14.21-150500.55.83_13.0.62-cray_shasta_c-x86_64-with-glibc2.31', 'python': '3.10.13', 'heartbeatAt': '2025-03-19T17:15:42.948274', 'startedAt': '2025-03-19T17:15:41.344140', 'docker': None, 'cuda': None, 'args': ('--data_dir=default', '--logging_dir=/scratch/pawsey1001/haodongyang/loretta/bert_model/logs/SST2-8-1e-4-deberta-base-svd--20250320010959', '--model_name_or_path=microsoft/deberta-base', '--tokenizer_name=microsoft/deberta-base', '--evaluation_strategy=steps', '--eval_steps=500', '--logging_steps=50', '--overwrite_output_dir', '--save_steps=10000', '--task_name=SST2', '--warmup_step=500', '--learning_rate=1e-4', '--num_train_epochs=10', '--per_device_train_batch_size=8', '--output_dir=//software/projects/pawsey1001/haodongyang/fakeHome/.vscode-server/cli/servers/Stable-ddc367ed5c8936efe395cffeec279b04ffd7db78/server/bin/remote-cli:/scratch/pawsey1001/haodongyang/envs/envs/bert/bin:/software/projects/pawsey1001/haodongyang/miniconda3/condabin:/opt/cray/pe/mpich/8.1.27/ofi/gnu/9.1/bin:/opt/cray/pe/mpich/8.1.27/bin:/opt/cray/pe/craype/2.7.23/bin:/opt/cray/pe/gcc/12.2.0/snos/bin:/software/pawsey/tools/pawseytools/bin:/opt/cray/pe/perftools/23.09.0/bin:/opt/cray/pe/papi/7.0.1.1/bin:/opt/cray/libfabric/1.15.2.0/bin:/opt/clmgr/sbin:/opt/clmgr/bin:/opt/sgi/sbin:/opt/sgi/bin:/home/haodongyang/.local/bin:/home/haodongyang/bin:/usr/local/bin:/usr/bin:/bin:/sbin:/opt/cray/pe/bin', '--max_seq_length=128', '--tuning_type=svd', '--do_train', '--do_eval', '--tensor_rank=8'), 'state': 'running', 'program': '/scratch/pawsey1001/haodongyang/loretta/bert_model/run_glue_v5.py', 'codePathLocal': 'run_glue_v5.py', 'codePath': 'bert_model/run_glue_v5.py', 'git': {'remote': 'https://github.com/Haodong-Yang/loretta.git', 'commit': 'c66bbb3fe0a717d04dd02e4c5278bf2b61016348'}, 'email': None, 'root': '/scratch/pawsey1001/haodongyang/loretta', 'host': 'nid002226', 'username': 'haodongyang', 'executable': '/scratch/pawsey1001/haodongyang/envs/envs/bert/bin/python', 'cpu_count': 64, 'cpu_count_logical': 128, 'cpu_freq': {'current': 2012.2249765625, 'min': 1500.0, 'max': 2000.0}, 'cpu_freq_per_core': [{'current': 2000.0, 'min': 1500.0, 'max': 2000.0}, {'current': 2000.0, 'min': 1500.0, 'max': 2000.0}, {'current': 2000.0, 'min': 1500.0, 'max': 2000.0}, {'current': 2000.0, 'min': 1500.0, 'max': 2000.0}, {'current': 2000.0, 'min': 1500.0, 'max': 2000.0}, {'current': 2000.0, 'min': 1500.0, 'max': 2000.0}, {'current': 2000.0, 'min': 1500.0, 'max': 2000.0}, {'current': 2000.0, 'min': 1500.0, 'max': 2000.0}, {'current': 2000.0, 'min': 1500.0, 'max': 2000.0}, {'current': 2000.0, 'min': 1500.0, 'max': 2000.0}, {'current': 2000.0, 'min': 1500.0, 'max': 2000.0}, {'current': 2000.0, 'min': 1500.0, 'max': 2000.0}, {'current': 2000.0, 'min': 1500.0, 'max': 2000.0}, {'current': 2000.0, 'min': 1500.0, 'max': 2000.0}, {'current': 2000.0, 'min': 1500.0, 'max': 2000.0}, {'current': 2000.0, 'min': 1500.0, 'max': 2000.0}, {'current': 3014.757, 'min': 1500.0, 'max': 2000.0}, {'current': 2044.746, 'min': 1500.0, 'max': 2000.0}, {'current': 2000.0, 'min': 1500.0, 'max': 2000.0}, {'current': 2000.0, 'min': 1500.0, 'max': 2000.0}, {'current': 2000.0, 'min': 1500.0, 'max': 2000.0}, {'current': 2000.0, 'min': 1500.0, 'max': 2000.0}, {'current': 2000.0, 'min': 1500.0, 'max': 2000.0}, {'current': 2000.0, 'min': 1500.0, 'max': 2000.0}, {'current': 2000.0, 'min': 1500.0, 'max': 2000.0}, {'current': 2000.0, 'min': 1500.0, 'max': 2000.0}, {'current': 2000.0, 'min': 1500.0, 'max': 2000.0}, {'current': 2000.0, 'min': 1500.0, 'max': 2000.0}, {'current': 2000.0, 'min': 1500.0, 'max': 2000.0}, {'current': 2000.0, 'min': 1500.0, 'max': 2000.0}, {'current': 2000.0, 'min': 1500.0, 'max': 2000.0}, {'current': 2000.0, 'min': 1500.0, 'max': 2000.0}, {'current': 2000.0, 'min': 1500.0, 'max': 2000.0}, {'current': 2000.0, 'min': 1500.0, 'max': 2000.0}, {'current': 2000.0, 'min': 1500.0, 'max': 2000.0}, {'current': 2000.0, 'min': 1500.0, 'max': 2000.0}, {'current': 2000.0, 'min': 1500.0, 'max': 2000.0}, {'current': 2000.0, 'min': 1500.0, 'max': 2000.0}, {'current': 2000.0, 'min': 1500.0, 'max': 2000.0}, {'current': 2000.0, 'min': 1500.0, 'max': 2000.0}, {'current': 2000.0, 'min': 1500.0, 'max': 2000.0}, {'current': 2000.0, 'min': 1500.0, 'max': 2000.0}, {'current': 2000.0, 'min': 1500.0, 'max': 2000.0}, {'current': 2000.0, 'min': 1500.0, 'max': 2000.0}, {'current': 2000.0, 'min': 1500.0, 'max': 2000.0}, {'current': 2000.0, 'min': 1500.0, 'max': 2000.0}, {'current': 2000.0, 'min': 1500.0, 'max': 2000.0}, {'current': 2000.0, 'min': 1500.0, 'max': 2000.0}, {'current': 2000.0, 'min': 1500.0, 'max': 2000.0}, {'current': 2000.0, 'min': 1500.0, 'max': 2000.0}, {'current': 2664.792, 'min': 1500.0, 'max': 2000.0}, {'current': 2000.0, 'min': 1500.0, 'max': 2000.0}, {'current': 2000.0, 'min': 1500.0, 'max': 2000.0}, {'current': 2000.0, 'min': 1500.0, 'max': 2000.0}, {'current': 2000.0, 'min': 1500.0, 'max': 2000.0}, {'current': 2000.0, 'min': 1500.0, 'max': 2000.0}, {'current': 2000.0, 'min': 1500.0, 'max': 2000.0}, {'current': 2000.0, 'min': 1500.0, 'max': 2000.0}, {'current': 2000.0, 'min': 1500.0, 'max': 2000.0}, {'current': 2000.0, 'min': 1500.0, 'max': 2000.0}, {'current': 2000.0, 'min': 1500.0, 'max': 2000.0}, {'current': 2000.0, 'min': 1500.0, 'max': 2000.0}, {'current': 2000.0, 'min': 1500.0, 'max': 2000.0}, {'current': 2000.0, 'min': 1500.0, 'max': 2000.0}, {'current': 2000.0, 'min': 1500.0, 'max': 2000.0}, {'current': 2000.0, 'min': 1500.0, 'max': 2000.0}, {'current': 2000.0, 'min': 1500.0, 'max': 2000.0}, {'current': 2000.0, 'min': 1500.0, 'max': 2000.0}, {'current': 2000.0, 'min': 1500.0, 'max': 2000.0}, {'current': 2000.0, 'min': 1500.0, 'max': 2000.0}, {'current': 2000.0, 'min': 1500.0, 'max': 2000.0}, {'current': 2000.0, 'min': 1500.0, 'max': 2000.0}, {'current': 2000.0, 'min': 1500.0, 'max': 2000.0}, {'current': 2000.0, 'min': 1500.0, 'max': 2000.0}, {'current': 2000.0, 'min': 1500.0, 'max': 2000.0}, {'current': 2000.0, 'min': 1500.0, 'max': 2000.0}, {'current': 2000.0, 'min': 1500.0, 'max': 2000.0}, {'current': 2000.0, 'min': 1500.0, 'max': 2000.0}, {'current': 2000.0, 'min': 1500.0, 'max': 2000.0}, {'current': 2000.0, 'min': 1500.0, 'max': 2000.0}, {'current': 2000.0, 'min': 1500.0, 'max': 2000.0}, {'current': 2000.0, 'min': 1500.0, 'max': 2000.0}, {'current': 2000.0, 'min': 1500.0, 'max': 2000.0}, {'current': 2000.0, 'min': 1500.0, 'max': 2000.0}, {'current': 2000.0, 'min': 1500.0, 'max': 2000.0}, {'current': 2000.0, 'min': 1500.0, 'max': 2000.0}, {'current': 2000.0, 'min': 1500.0, 'max': 2000.0}, {'current': 2000.0, 'min': 1500.0, 'max': 2000.0}, {'current': 2000.0, 'min': 1500.0, 'max': 2000.0}, {'current': 2000.0, 'min': 1500.0, 'max': 2000.0}, {'current': 3152.774, 'min': 1500.0, 'max': 2000.0}, {'current': 2000.0, 'min': 1500.0, 'max': 2000.0}, {'current': 2000.0, 'min': 1500.0, 'max': 2000.0}, {'current': 2000.0, 'min': 1500.0, 'max': 2000.0}, {'current': 2000.0, 'min': 1500.0, 'max': 2000.0}, {'current': 2000.0, 'min': 1500.0, 'max': 2000.0}, {'current': 2000.0, 'min': 1500.0, 'max': 2000.0}, {'current': 2000.0, 'min': 1500.0, 'max': 2000.0}, {'current': 2000.0, 'min': 1500.0, 'max': 2000.0}, {'current': 2000.0, 'min': 1500.0, 'max': 2000.0}, {'current': 2000.0, 'min': 1500.0, 'max': 2000.0}, {'current': 2000.0, 'min': 1500.0, 'max': 2000.0}, {'current': 2000.0, 'min': 1500.0, 'max': 2000.0}, {'current': 2000.0, 'min': 1500.0, 'max': 2000.0}, {'current': 2000.0, 'min': 1500.0, 'max': 2000.0}, {'current': 2000.0, 'min': 1500.0, 'max': 2000.0}, {'current': 2000.0, 'min': 1500.0, 'max': 2000.0}, {'current': 2000.0, 'min': 1500.0, 'max': 2000.0}, {'current': 2000.0, 'min': 1500.0, 'max': 2000.0}, {'current': 2000.0, 'min': 1500.0, 'max': 2000.0}, {'current': 2000.0, 'min': 1500.0, 'max': 2000.0}, {'current': 2000.0, 'min': 1500.0, 'max': 2000.0}, {'current': 2000.0, 'min': 1500.0, 'max': 2000.0}, {'current': 2000.0, 'min': 1500.0, 'max': 2000.0}, {'current': 2000.0, 'min': 1500.0, 'max': 2000.0}, {'current': 2000.0, 'min': 1500.0, 'max': 2000.0}, {'current': 2000.0, 'min': 1500.0, 'max': 2000.0}, {'current': 2000.0, 'min': 1500.0, 'max': 2000.0}, {'current': 2000.0, 'min': 1500.0, 'max': 2000.0}, {'current': 2000.0, 'min': 1500.0, 'max': 2000.0}, {'current': 2000.0, 'min': 1500.0, 'max': 2000.0}, {'current': 2000.0, 'min': 1500.0, 'max': 2000.0}, {'current': 2000.0, 'min': 1500.0, 'max': 2000.0}, {'current': 2000.0, 'min': 1500.0, 'max': 2000.0}, {'current': 2000.0, 'min': 1500.0, 'max': 2000.0}, {'current': 2000.0, 'min': 1500.0, 'max': 2000.0}, {'current': 2000.0, 'min': 1500.0, 'max': 2000.0}, {'current': 2000.0, 'min': 1500.0, 'max': 2000.0}], 'disk': {'/': {'total': 125.1918716430664, 'used': 0.3861732482910156}}, 'gpu_count': 7, 'gpu_devices': [{'id': '0x7408', 'unique_id': '0xe7a2ba415fda9720', 'vbios_version': '113-D65201-046', 'performance_level': 'auto', 'max_power': '560.0', 'series': 'AMD INSTINCT MI200 (MCM) OAM LC MBA HPE C2', 'model': '0x0b0c', 'vendor': 'Advanced Micro Devices, Inc. [AMD/ATI]', 'sku': 'D65201', 'sclk_range': '500Mhz - 1700Mhz', 'mclk_range': '400Mhz - 1600Mhz'}, {'id': '0x7408', 'unique_id': '0x87b137ed380bd920', 'vbios_version': '113-D65201-046', 'performance_level': 'auto', 'max_power': '560.0', 'series': 'AMD INSTINCT MI200 (MCM) OAM LC MBA HPE C2', 'model': '0x0b0c', 'vendor': 'Advanced Micro Devices, Inc. [AMD/ATI]', 'sku': 'D65201', 'sclk_range': '500Mhz - 1700Mhz', 'mclk_range': '400Mhz - 1600Mhz'}, {'id': '0x7408', 'unique_id': '0x9a68ed34eac09000', 'vbios_version': '113-D65201-046', 'performance_level': 'auto', 'max_power': '0.0', 'series': 'AMD INSTINCT MI200 (MCM) OAM LC MBA HPE C2', 'model': '0x0b0c', 'vendor': 'Advanced Micro Devices, Inc. [AMD/ATI]', 'sku': 'D65201', 'sclk_range': '500Mhz - 1700Mhz', 'mclk_range': '400Mhz - 1600Mhz'}, {'id': '0x7408', 'unique_id': '0xbfb55bec3c7440df', 'vbios_version': '113-D65201-046', 'performance_level': 'auto', 'max_power': '560.0', 'series': 'AMD INSTINCT MI200 (MCM) OAM LC MBA HPE C2', 'model': '0x0b0c', 'vendor': 'Advanced Micro Devices, Inc. [AMD/ATI]', 'sku': 'D65201', 'sclk_range': '500Mhz - 1700Mhz', 'mclk_range': '400Mhz - 1600Mhz'}, {'id': '0x7408', 'unique_id': '0xec50cc892122ea26', 'vbios_version': '113-D65201-046', 'performance_level': 'auto', 'max_power': '0.0', 'series': 'AMD INSTINCT MI200 (MCM) OAM LC MBA HPE C2', 'model': '0x0b0c', 'vendor': 'Advanced Micro Devices, Inc. [AMD/ATI]', 'sku': 'D65201', 'sclk_range': '500Mhz - 1700Mhz', 'mclk_range': '400Mhz - 1600Mhz'}, {'id': '0x7408', 'unique_id': '0xc634c1e5df022d13', 'vbios_version': '113-D65201-046', 'performance_level': 'auto', 'max_power': '560.0', 'series': 'AMD INSTINCT MI200 (MCM) OAM LC MBA HPE C2', 'model': '0x0b0c', 'vendor': 'Advanced Micro Devices, Inc. [AMD/ATI]', 'sku': 'D65201', 'sclk_range': '500Mhz - 1700Mhz', 'mclk_range': '400Mhz - 1600Mhz'}, {'id': '0x7408', 'unique_id': '0x73f8b3de2396565e', 'vbios_version': '113-D65201-046', 'performance_level': 'auto', 'max_power': '0.0', 'series': 'AMD INSTINCT MI200 (MCM) OAM LC MBA HPE C2', 'model': '0x0b0c', 'vendor': 'Advanced Micro Devices, Inc. [AMD/ATI]', 'sku': 'D65201', 'sclk_range': '500Mhz - 1700Mhz', 'mclk_range': '400Mhz - 1600Mhz'}], 'memory': {'total': 250.3837432861328}}
2025-03-20 01:15:42,965 INFO    HandlerThread:3865511 [system_monitor.py:probe():224] Finished collecting system info
2025-03-20 01:15:42,965 INFO    HandlerThread:3865511 [system_monitor.py:probe():227] Publishing system info
2025-03-20 01:15:42,965 DEBUG   HandlerThread:3865511 [system_info.py:_save_conda():208] Saving list of conda packages installed into the current environment
2025-03-20 01:15:43,071 INFO    Thread-12 :3865511 [dir_watcher.py:_on_file_created():271] file/dir created: /scratch/pawsey1001/haodongyang/loretta/bert_model/wandb/run-20250320_011541-vctz4tyq/files/conda-environment.yaml
2025-03-20 01:15:45,091 WARNING gpuamd    :3865511 [gpu_amd.py:parse_stats():83] Could not parse GPU power as float
2025-03-20 01:15:45,091 WARNING gpuamd    :3865511 [gpu_amd.py:parse_stats():91] Could not parse GPU average/max power as float
2025-03-20 01:15:45,091 WARNING gpuamd    :3865511 [gpu_amd.py:parse_stats():83] Could not parse GPU power as float
2025-03-20 01:15:45,091 WARNING gpuamd    :3865511 [gpu_amd.py:parse_stats():91] Could not parse GPU average/max power as float
2025-03-20 01:15:45,091 WARNING gpuamd    :3865511 [gpu_amd.py:parse_stats():83] Could not parse GPU power as float
2025-03-20 01:15:45,091 WARNING gpuamd    :3865511 [gpu_amd.py:parse_stats():91] Could not parse GPU average/max power as float
2025-03-20 01:15:46,691 DEBUG   HandlerThread:3865511 [system_info.py:_save_conda():220] Saving conda packages done
2025-03-20 01:15:46,694 INFO    HandlerThread:3865511 [system_monitor.py:probe():229] Finished publishing system info
2025-03-20 01:15:46,738 DEBUG   HandlerThread:3865511 [handler.py:handle_request():146] handle_request: status_report
2025-03-20 01:15:46,739 DEBUG   SenderThread:3865511 [sender.py:send():382] send: files
2025-03-20 01:15:46,739 INFO    SenderThread:3865511 [sender.py:_save_file():1403] saving file wandb-metadata.json with policy now
2025-03-20 01:15:46,745 DEBUG   HandlerThread:3865511 [handler.py:handle_request():146] handle_request: python_packages
2025-03-20 01:15:46,745 DEBUG   SenderThread:3865511 [sender.py:send_request():409] send_request: python_packages
2025-03-20 01:15:46,746 DEBUG   HandlerThread:3865511 [handler.py:handle_request():146] handle_request: stop_status
2025-03-20 01:15:46,746 DEBUG   HandlerThread:3865511 [handler.py:handle_request():146] handle_request: internal_messages
2025-03-20 01:15:46,748 DEBUG   SenderThread:3865511 [sender.py:send_request():409] send_request: stop_status
2025-03-20 01:15:47,074 INFO    Thread-12 :3865511 [dir_watcher.py:_on_file_modified():288] file/dir modified: /scratch/pawsey1001/haodongyang/loretta/bert_model/wandb/run-20250320_011541-vctz4tyq/files/conda-environment.yaml
2025-03-20 01:15:47,074 INFO    Thread-12 :3865511 [dir_watcher.py:_on_file_created():271] file/dir created: /scratch/pawsey1001/haodongyang/loretta/bert_model/wandb/run-20250320_011541-vctz4tyq/files/requirements.txt
2025-03-20 01:15:47,074 INFO    Thread-12 :3865511 [dir_watcher.py:_on_file_created():271] file/dir created: /scratch/pawsey1001/haodongyang/loretta/bert_model/wandb/run-20250320_011541-vctz4tyq/files/wandb-metadata.json
2025-03-20 01:15:47,153 DEBUG   SenderThread:3865511 [sender.py:send():382] send: telemetry
2025-03-20 01:15:47,155 DEBUG   SenderThread:3865511 [sender.py:send():382] send: exit
2025-03-20 01:15:47,155 INFO    SenderThread:3865511 [sender.py:send_exit():589] handling exit code: 1
2025-03-20 01:15:47,155 INFO    SenderThread:3865511 [sender.py:send_exit():591] handling runtime: 4
2025-03-20 01:15:47,157 INFO    SenderThread:3865511 [sender.py:_save_file():1403] saving file wandb-summary.json with policy end
2025-03-20 01:15:47,157 INFO    SenderThread:3865511 [sender.py:send_exit():597] send defer
2025-03-20 01:15:47,158 DEBUG   HandlerThread:3865511 [handler.py:handle_request():146] handle_request: defer
2025-03-20 01:15:47,158 INFO    HandlerThread:3865511 [handler.py:handle_request_defer():172] handle defer: 0
2025-03-20 01:15:47,158 DEBUG   SenderThread:3865511 [sender.py:send_request():409] send_request: defer
2025-03-20 01:15:47,158 INFO    SenderThread:3865511 [sender.py:send_request_defer():613] handle sender defer: 0
2025-03-20 01:15:47,158 INFO    SenderThread:3865511 [sender.py:transition_state():617] send defer: 1
2025-03-20 01:15:47,158 DEBUG   HandlerThread:3865511 [handler.py:handle_request():146] handle_request: defer
2025-03-20 01:15:47,158 INFO    HandlerThread:3865511 [handler.py:handle_request_defer():172] handle defer: 1
2025-03-20 01:15:47,159 DEBUG   SenderThread:3865511 [sender.py:send_request():409] send_request: defer
2025-03-20 01:15:47,159 INFO    SenderThread:3865511 [sender.py:send_request_defer():613] handle sender defer: 1
2025-03-20 01:15:47,159 INFO    SenderThread:3865511 [sender.py:transition_state():617] send defer: 2
2025-03-20 01:15:47,159 DEBUG   HandlerThread:3865511 [handler.py:handle_request():146] handle_request: defer
2025-03-20 01:15:47,159 INFO    HandlerThread:3865511 [handler.py:handle_request_defer():172] handle defer: 2
2025-03-20 01:15:47,159 INFO    HandlerThread:3865511 [system_monitor.py:finish():203] Stopping system monitor
2025-03-20 01:15:47,159 DEBUG   SystemMonitor:3865511 [system_monitor.py:_start():172] Starting system metrics aggregation loop
2025-03-20 01:15:47,160 INFO    HandlerThread:3865511 [interfaces.py:finish():202] Joined cpu monitor
2025-03-20 01:15:47,160 DEBUG   SystemMonitor:3865511 [system_monitor.py:_start():179] Finished system metrics aggregation loop
2025-03-20 01:15:47,160 INFO    HandlerThread:3865511 [interfaces.py:finish():202] Joined disk monitor
2025-03-20 01:15:47,160 DEBUG   SystemMonitor:3865511 [system_monitor.py:_start():183] Publishing last batch of metrics
2025-03-20 01:15:47,299 WARNING gpuamd    :3865511 [gpu_amd.py:parse_stats():83] Could not parse GPU power as float
2025-03-20 01:15:47,300 WARNING gpuamd    :3865511 [gpu_amd.py:parse_stats():91] Could not parse GPU average/max power as float
2025-03-20 01:15:47,300 WARNING gpuamd    :3865511 [gpu_amd.py:parse_stats():83] Could not parse GPU power as float
2025-03-20 01:15:47,300 WARNING gpuamd    :3865511 [gpu_amd.py:parse_stats():91] Could not parse GPU average/max power as float
2025-03-20 01:15:47,300 WARNING gpuamd    :3865511 [gpu_amd.py:parse_stats():83] Could not parse GPU power as float
2025-03-20 01:15:47,300 WARNING gpuamd    :3865511 [gpu_amd.py:parse_stats():91] Could not parse GPU average/max power as float
2025-03-20 01:15:47,300 INFO    HandlerThread:3865511 [interfaces.py:finish():202] Joined gpuamd monitor
2025-03-20 01:15:47,300 INFO    HandlerThread:3865511 [interfaces.py:finish():202] Joined memory monitor
2025-03-20 01:15:47,300 INFO    HandlerThread:3865511 [interfaces.py:finish():202] Joined network monitor
2025-03-20 01:15:47,301 DEBUG   SenderThread:3865511 [sender.py:send_request():409] send_request: defer
2025-03-20 01:15:47,301 INFO    SenderThread:3865511 [sender.py:send_request_defer():613] handle sender defer: 2
2025-03-20 01:15:47,301 INFO    SenderThread:3865511 [sender.py:transition_state():617] send defer: 3
2025-03-20 01:15:47,301 DEBUG   SenderThread:3865511 [sender.py:send():382] send: telemetry
2025-03-20 01:15:47,301 DEBUG   HandlerThread:3865511 [handler.py:handle_request():146] handle_request: defer
2025-03-20 01:15:47,301 DEBUG   SenderThread:3865511 [sender.py:send():382] send: stats
2025-03-20 01:15:47,301 INFO    HandlerThread:3865511 [handler.py:handle_request_defer():172] handle defer: 3
2025-03-20 01:15:47,302 DEBUG   SenderThread:3865511 [sender.py:send_request():409] send_request: defer
2025-03-20 01:15:47,302 INFO    SenderThread:3865511 [sender.py:send_request_defer():613] handle sender defer: 3
2025-03-20 01:15:47,302 INFO    SenderThread:3865511 [sender.py:transition_state():617] send defer: 4
2025-03-20 01:15:47,302 DEBUG   HandlerThread:3865511 [handler.py:handle_request():146] handle_request: defer
2025-03-20 01:15:47,302 INFO    HandlerThread:3865511 [handler.py:handle_request_defer():172] handle defer: 4
2025-03-20 01:15:47,303 DEBUG   SenderThread:3865511 [sender.py:send_request():409] send_request: defer
2025-03-20 01:15:47,303 INFO    SenderThread:3865511 [sender.py:send_request_defer():613] handle sender defer: 4
2025-03-20 01:15:47,303 INFO    SenderThread:3865511 [sender.py:transition_state():617] send defer: 5
2025-03-20 01:15:47,303 DEBUG   HandlerThread:3865511 [handler.py:handle_request():146] handle_request: defer
2025-03-20 01:15:47,303 INFO    HandlerThread:3865511 [handler.py:handle_request_defer():172] handle defer: 5
2025-03-20 01:15:47,303 DEBUG   SenderThread:3865511 [sender.py:send():382] send: summary
2025-03-20 01:15:47,304 INFO    SenderThread:3865511 [sender.py:_save_file():1403] saving file wandb-summary.json with policy end
2025-03-20 01:15:47,305 DEBUG   SenderThread:3865511 [sender.py:send_request():409] send_request: defer
2025-03-20 01:15:47,305 INFO    SenderThread:3865511 [sender.py:send_request_defer():613] handle sender defer: 5
2025-03-20 01:15:47,305 INFO    SenderThread:3865511 [sender.py:transition_state():617] send defer: 6
2025-03-20 01:15:47,305 DEBUG   HandlerThread:3865511 [handler.py:handle_request():146] handle_request: defer
2025-03-20 01:15:47,305 INFO    HandlerThread:3865511 [handler.py:handle_request_defer():172] handle defer: 6
2025-03-20 01:15:47,305 DEBUG   SenderThread:3865511 [sender.py:send_request():409] send_request: defer
2025-03-20 01:15:47,305 INFO    SenderThread:3865511 [sender.py:send_request_defer():613] handle sender defer: 6
2025-03-20 01:15:47,308 DEBUG   HandlerThread:3865511 [handler.py:handle_request():146] handle_request: status_report
2025-03-20 01:15:47,585 INFO    SenderThread:3865511 [sender.py:transition_state():617] send defer: 7
2025-03-20 01:15:47,585 DEBUG   HandlerThread:3865511 [handler.py:handle_request():146] handle_request: defer
2025-03-20 01:15:47,585 INFO    HandlerThread:3865511 [handler.py:handle_request_defer():172] handle defer: 7
2025-03-20 01:15:47,585 DEBUG   SenderThread:3865511 [sender.py:send_request():409] send_request: defer
2025-03-20 01:15:47,586 INFO    SenderThread:3865511 [sender.py:send_request_defer():613] handle sender defer: 7
2025-03-20 01:15:47,987 INFO    wandb-upload_0:3865511 [upload_job.py:push():131] Uploaded file /tmp/tmpl4twdd3ewandb/1y4wcsb5-wandb-metadata.json
2025-03-20 01:15:48,075 INFO    Thread-12 :3865511 [dir_watcher.py:_on_file_modified():288] file/dir modified: /scratch/pawsey1001/haodongyang/loretta/bert_model/wandb/run-20250320_011541-vctz4tyq/files/config.yaml
2025-03-20 01:15:48,075 INFO    Thread-12 :3865511 [dir_watcher.py:_on_file_created():271] file/dir created: /scratch/pawsey1001/haodongyang/loretta/bert_model/wandb/run-20250320_011541-vctz4tyq/files/wandb-summary.json
2025-03-20 01:15:48,076 INFO    Thread-12 :3865511 [dir_watcher.py:_on_file_created():271] file/dir created: /scratch/pawsey1001/haodongyang/loretta/bert_model/wandb/run-20250320_011541-vctz4tyq/files/output.log
2025-03-20 01:15:48,134 DEBUG   HandlerThread:3865511 [handler.py:handle_request():146] handle_request: poll_exit
2025-03-20 01:15:49,163 INFO    SenderThread:3865511 [sender.py:transition_state():617] send defer: 8
2025-03-20 01:15:49,164 DEBUG   SenderThread:3865511 [sender.py:send_request():409] send_request: poll_exit
2025-03-20 01:15:49,164 DEBUG   HandlerThread:3865511 [handler.py:handle_request():146] handle_request: defer
2025-03-20 01:15:49,164 INFO    HandlerThread:3865511 [handler.py:handle_request_defer():172] handle defer: 8
2025-03-20 01:15:49,164 DEBUG   SenderThread:3865511 [sender.py:send_request():409] send_request: defer
2025-03-20 01:15:49,164 INFO    SenderThread:3865511 [sender.py:send_request_defer():613] handle sender defer: 8
2025-03-20 01:15:49,165 INFO    SenderThread:3865511 [job_builder.py:build():296] Attempting to build job artifact
2025-03-20 01:15:49,165 INFO    SenderThread:3865511 [job_builder.py:_get_source_type():426] is repo sourced job
2025-03-20 01:15:50,076 INFO    Thread-12 :3865511 [dir_watcher.py:_on_file_modified():288] file/dir modified: /scratch/pawsey1001/haodongyang/loretta/bert_model/wandb/run-20250320_011541-vctz4tyq/files/output.log
2025-03-20 01:15:50,135 DEBUG   HandlerThread:3865511 [handler.py:handle_request():146] handle_request: poll_exit
2025-03-20 01:15:50,135 INFO    HandlerThread:3865511 [handler.py:finish():869] shutting down handler
2025-03-20 01:15:50,135 INFO    WriterThread:3865511 [datastore.py:close():296] close: /scratch/pawsey1001/haodongyang/loretta/bert_model/wandb/run-20250320_011541-vctz4tyq/run-vctz4tyq.wandb
2025-03-20 01:15:50,137 ERROR   StreamThr :3865511 [internal.py:wandb_internal():174] Thread SenderThread:
Traceback (most recent call last):
  File "/scratch/pawsey1001/haodongyang/envs/envs/bert/lib/python3.10/pathlib.py", line 1175, in mkdir
    self._accessor.mkdir(self, mode)
FileNotFoundError: [Errno 2] No such file or directory: '/home/haodongyang/.cache/wandb/artifacts/tmp'

During handling of the above exception, another exception occurred:

Traceback (most recent call last):
  File "/scratch/pawsey1001/haodongyang/envs/envs/bert/lib/python3.10/pathlib.py", line 1175, in mkdir
    self._accessor.mkdir(self, mode)
FileNotFoundError: [Errno 2] No such file or directory: '/home/haodongyang/.cache/wandb/artifacts'

During handling of the above exception, another exception occurred:

Traceback (most recent call last):
  File "/scratch/pawsey1001/haodongyang/envs/envs/bert/lib/python3.10/site-packages/wandb/sdk/internal/internal_util.py", line 49, in run
    self._run()
  File "/scratch/pawsey1001/haodongyang/envs/envs/bert/lib/python3.10/site-packages/wandb/sdk/internal/internal_util.py", line 100, in _run
    self._process(record)
  File "/scratch/pawsey1001/haodongyang/envs/envs/bert/lib/python3.10/site-packages/wandb/sdk/internal/internal.py", line 328, in _process
    self._sm.send(record)
  File "/scratch/pawsey1001/haodongyang/envs/envs/bert/lib/python3.10/site-packages/wandb/sdk/internal/sender.py", line 389, in send
    send_handler(record)
  File "/scratch/pawsey1001/haodongyang/envs/envs/bert/lib/python3.10/site-packages/wandb/sdk/internal/sender.py", line 411, in send_request
    send_handler(record)
  File "/scratch/pawsey1001/haodongyang/envs/envs/bert/lib/python3.10/site-packages/wandb/sdk/internal/sender.py", line 645, in send_request_defer
    self._flush_job()
  File "/scratch/pawsey1001/haodongyang/envs/envs/bert/lib/python3.10/site-packages/wandb/sdk/internal/sender.py", line 1648, in _flush_job
    artifact = self._job_builder.build()
  File "/scratch/pawsey1001/haodongyang/envs/envs/bert/lib/python3.10/site-packages/wandb/sdk/internal/job_builder.py", line 400, in build
    artifact = JobArtifact(name)
  File "/scratch/pawsey1001/haodongyang/envs/envs/bert/lib/python3.10/site-packages/wandb/sdk/internal/job_builder.py", line 75, in __init__
    super().__init__(name, "placeholder", *args, **kwargs)
  File "/scratch/pawsey1001/haodongyang/envs/envs/bert/lib/python3.10/site-packages/wandb/sdk/artifacts/artifact.py", line 145, in __init__
    self._storage_policy = storage_policy_cls.from_config(config=policy_config)
  File "/scratch/pawsey1001/haodongyang/envs/envs/bert/lib/python3.10/site-packages/wandb/sdk/artifacts/storage_policies/wandb_storage_policy.py", line 64, in from_config
    return cls(config=config)
  File "/scratch/pawsey1001/haodongyang/envs/envs/bert/lib/python3.10/site-packages/wandb/sdk/artifacts/storage_policies/wandb_storage_policy.py", line 72, in __init__
    self._cache = cache or get_artifact_file_cache()
  File "/scratch/pawsey1001/haodongyang/envs/envs/bert/lib/python3.10/site-packages/wandb/sdk/artifacts/artifact_file_cache.py", line 206, in get_artifact_file_cache
    _artifact_file_cache = ArtifactFileCache(env.get_cache_dir() / "artifacts")
  File "/scratch/pawsey1001/haodongyang/envs/envs/bert/lib/python3.10/site-packages/wandb/sdk/artifacts/artifact_file_cache.py", line 36, in __init__
    self._temp_dir.mkdir(parents=True, exist_ok=True)
  File "/scratch/pawsey1001/haodongyang/envs/envs/bert/lib/python3.10/pathlib.py", line 1179, in mkdir
    self.parent.mkdir(parents=True, exist_ok=True)
  File "/scratch/pawsey1001/haodongyang/envs/envs/bert/lib/python3.10/pathlib.py", line 1179, in mkdir
    self.parent.mkdir(parents=True, exist_ok=True)
  File "/scratch/pawsey1001/haodongyang/envs/envs/bert/lib/python3.10/pathlib.py", line 1175, in mkdir
    self._accessor.mkdir(self, mode)
OSError: [Errno 122] Disk quota exceeded: '/home/haodongyang/.cache/wandb'
