2025-03-20 01:21:49,109 INFO    StreamThr :3867974 [internal.py:wandb_internal():86] W&B internal server running at pid: 3867974, started at: 2025-03-20 01:21:49.107647
2025-03-20 01:21:49,111 DEBUG   HandlerThread:3867974 [handler.py:handle_request():146] handle_request: status
2025-03-20 01:21:49,112 INFO    WriterThread:3867974 [datastore.py:open_for_write():87] open: /scratch/pawsey1001/haodongyang/loretta/bert_model/wandb/run-20250320_012149-rdw43frv/run-rdw43frv.wandb
2025-03-20 01:21:49,115 DEBUG   SenderThread:3867974 [sender.py:send():382] send: header
2025-03-20 01:21:49,122 DEBUG   SenderThread:3867974 [sender.py:send():382] send: run
2025-03-20 01:21:49,823 INFO    SenderThread:3867974 [dir_watcher.py:__init__():211] watching files in: /scratch/pawsey1001/haodongyang/loretta/bert_model/wandb/run-20250320_012149-rdw43frv/files
2025-03-20 01:21:49,823 INFO    SenderThread:3867974 [sender.py:_start_run_threads():1136] run started: rdw43frv with start time 1742404909.108922
2025-03-20 01:21:49,835 DEBUG   HandlerThread:3867974 [handler.py:handle_request():146] handle_request: check_version
2025-03-20 01:21:49,835 DEBUG   SenderThread:3867974 [sender.py:send_request():409] send_request: check_version
2025-03-20 01:21:50,135 DEBUG   HandlerThread:3867974 [handler.py:handle_request():146] handle_request: run_start
2025-03-20 01:21:50,341 DEBUG   HandlerThread:3867974 [system_info.py:__init__():27] System info init
2025-03-20 01:21:50,341 DEBUG   HandlerThread:3867974 [system_info.py:__init__():42] System info init done
2025-03-20 01:21:50,341 INFO    HandlerThread:3867974 [system_monitor.py:start():194] Starting system monitor
2025-03-20 01:21:50,341 INFO    SystemMonitor:3867974 [system_monitor.py:_start():158] Starting system asset monitoring threads
2025-03-20 01:21:50,342 INFO    HandlerThread:3867974 [system_monitor.py:probe():214] Collecting system info
2025-03-20 01:21:50,342 INFO    SystemMonitor:3867974 [interfaces.py:start():190] Started cpu monitoring
2025-03-20 01:21:50,343 INFO    SystemMonitor:3867974 [interfaces.py:start():190] Started disk monitoring
2025-03-20 01:21:50,344 INFO    SystemMonitor:3867974 [interfaces.py:start():190] Started gpuamd monitoring
2025-03-20 01:21:50,345 INFO    SystemMonitor:3867974 [interfaces.py:start():190] Started memory monitoring
2025-03-20 01:21:50,346 INFO    SystemMonitor:3867974 [interfaces.py:start():190] Started network monitoring
2025-03-20 01:21:50,553 WARNING gpuamd    :3867974 [gpu_amd.py:parse_stats():83] Could not parse GPU power as float
2025-03-20 01:21:50,553 WARNING gpuamd    :3867974 [gpu_amd.py:parse_stats():91] Could not parse GPU average/max power as float
2025-03-20 01:21:50,554 WARNING gpuamd    :3867974 [gpu_amd.py:parse_stats():83] Could not parse GPU power as float
2025-03-20 01:21:50,554 WARNING gpuamd    :3867974 [gpu_amd.py:parse_stats():91] Could not parse GPU average/max power as float
2025-03-20 01:21:50,554 WARNING gpuamd    :3867974 [gpu_amd.py:parse_stats():83] Could not parse GPU power as float
2025-03-20 01:21:50,554 WARNING gpuamd    :3867974 [gpu_amd.py:parse_stats():91] Could not parse GPU average/max power as float
2025-03-20 01:21:50,610 DEBUG   HandlerThread:3867974 [system_info.py:probe():151] Probing system
2025-03-20 01:21:50,612 DEBUG   HandlerThread:3867974 [system_info.py:_probe_git():136] Probing git
2025-03-20 01:21:50,626 DEBUG   HandlerThread:3867974 [system_info.py:_probe_git():144] Probing git done
2025-03-20 01:21:50,626 DEBUG   HandlerThread:3867974 [system_info.py:probe():199] Probing system done
2025-03-20 01:21:50,626 DEBUG   HandlerThread:3867974 [system_monitor.py:probe():223] {'os': 'Linux-5.14.21-150500.55.83_13.0.62-cray_shasta_c-x86_64-with-glibc2.31', 'python': '3.10.13', 'heartbeatAt': '2025-03-19T17:21:50.610483', 'startedAt': '2025-03-19T17:21:49.094655', 'docker': None, 'cuda': None, 'args': ('--data_dir=default', '--logging_dir=/scratch/pawsey1001/haodongyang/loretta/bert_model/logs/SST2-8-1e-4-deberta-base-svd--20250320011933', '--model_name_or_path=microsoft/deberta-base', '--tokenizer_name=microsoft/deberta-base', '--evaluation_strategy=steps', '--eval_steps=500', '--logging_steps=50', '--overwrite_output_dir', '--save_steps=10000', '--task_name=SST2', '--warmup_step=500', '--learning_rate=1e-4', '--num_train_epochs=10', '--per_device_train_batch_size=8', '--output_dir=//software/projects/pawsey1001/haodongyang/fakeHome/.vscode-server/cli/servers/Stable-ddc367ed5c8936efe395cffeec279b04ffd7db78/server/bin/remote-cli:/scratch/pawsey1001/haodongyang/envs/envs/bert/bin:/software/projects/pawsey1001/haodongyang/miniconda3/condabin:/opt/cray/pe/mpich/8.1.27/ofi/gnu/9.1/bin:/opt/cray/pe/mpich/8.1.27/bin:/opt/cray/pe/craype/2.7.23/bin:/opt/cray/pe/gcc/12.2.0/snos/bin:/software/pawsey/tools/pawseytools/bin:/opt/cray/pe/perftools/23.09.0/bin:/opt/cray/pe/papi/7.0.1.1/bin:/opt/cray/libfabric/1.15.2.0/bin:/opt/clmgr/sbin:/opt/clmgr/bin:/opt/sgi/sbin:/opt/sgi/bin:/home/haodongyang/.local/bin:/home/haodongyang/bin:/usr/local/bin:/usr/bin:/bin:/sbin:/opt/cray/pe/bin', '--max_seq_length=128', '--tuning_type=svd', '--do_train', '--do_eval', '--tensor_rank=8'), 'state': 'running', 'program': '/scratch/pawsey1001/haodongyang/loretta/bert_model/run_glue_v5.py', 'codePathLocal': 'run_glue_v5.py', 'codePath': 'bert_model/run_glue_v5.py', 'git': {'remote': 'https://github.com/Haodong-Yang/loretta.git', 'commit': 'c66bbb3fe0a717d04dd02e4c5278bf2b61016348'}, 'email': None, 'root': '/scratch/pawsey1001/haodongyang/loretta', 'host': 'nid002226', 'username': 'haodongyang', 'executable': '/scratch/pawsey1001/haodongyang/envs/envs/bert/bin/python', 'cpu_count': 64, 'cpu_count_logical': 128, 'cpu_freq': {'current': 2016.3508984374998, 'min': 1500.0, 'max': 2000.0}, 'cpu_freq_per_core': [{'current': 2000.0, 'min': 1500.0, 'max': 2000.0}, {'current': 2000.0, 'min': 1500.0, 'max': 2000.0}, {'current': 2000.0, 'min': 1500.0, 'max': 2000.0}, {'current': 2000.0, 'min': 1500.0, 'max': 2000.0}, {'current': 2000.0, 'min': 1500.0, 'max': 2000.0}, {'current': 2000.0, 'min': 1500.0, 'max': 2000.0}, {'current': 2000.0, 'min': 1500.0, 'max': 2000.0}, {'current': 2000.0, 'min': 1500.0, 'max': 2000.0}, {'current': 2000.0, 'min': 1500.0, 'max': 2000.0}, {'current': 2000.0, 'min': 1500.0, 'max': 2000.0}, {'current': 2000.0, 'min': 1500.0, 'max': 2000.0}, {'current': 2000.0, 'min': 1500.0, 'max': 2000.0}, {'current': 2000.0, 'min': 1500.0, 'max': 2000.0}, {'current': 2000.0, 'min': 1500.0, 'max': 2000.0}, {'current': 2000.0, 'min': 1500.0, 'max': 2000.0}, {'current': 2000.0, 'min': 1500.0, 'max': 2000.0}, {'current': 2000.0, 'min': 1500.0, 'max': 2000.0}, {'current': 2000.0, 'min': 1500.0, 'max': 2000.0}, {'current': 2000.0, 'min': 1500.0, 'max': 2000.0}, {'current': 2000.0, 'min': 1500.0, 'max': 2000.0}, {'current': 2000.0, 'min': 1500.0, 'max': 2000.0}, {'current': 2000.0, 'min': 1500.0, 'max': 2000.0}, {'current': 2000.0, 'min': 1500.0, 'max': 2000.0}, {'current': 2000.0, 'min': 1500.0, 'max': 2000.0}, {'current': 2000.0, 'min': 1500.0, 'max': 2000.0}, {'current': 2000.0, 'min': 1500.0, 'max': 2000.0}, {'current': 2000.0, 'min': 1500.0, 'max': 2000.0}, {'current': 2000.0, 'min': 1500.0, 'max': 2000.0}, {'current': 2000.0, 'min': 1500.0, 'max': 2000.0}, {'current': 2000.0, 'min': 1500.0, 'max': 2000.0}, {'current': 2000.0, 'min': 1500.0, 'max': 2000.0}, {'current': 2000.0, 'min': 1500.0, 'max': 2000.0}, {'current': 2000.0, 'min': 1500.0, 'max': 2000.0}, {'current': 2000.0, 'min': 1500.0, 'max': 2000.0}, {'current': 2000.0, 'min': 1500.0, 'max': 2000.0}, {'current': 2000.0, 'min': 1500.0, 'max': 2000.0}, {'current': 2000.0, 'min': 1500.0, 'max': 2000.0}, {'current': 2000.0, 'min': 1500.0, 'max': 2000.0}, {'current': 2000.0, 'min': 1500.0, 'max': 2000.0}, {'current': 3516.822, 'min': 1500.0, 'max': 2000.0}, {'current': 2000.0, 'min': 1500.0, 'max': 2000.0}, {'current': 2000.0, 'min': 1500.0, 'max': 2000.0}, {'current': 2000.0, 'min': 1500.0, 'max': 2000.0}, {'current': 2000.0, 'min': 1500.0, 'max': 2000.0}, {'current': 2000.0, 'min': 1500.0, 'max': 2000.0}, {'current': 2000.0, 'min': 1500.0, 'max': 2000.0}, {'current': 2000.0, 'min': 1500.0, 'max': 2000.0}, {'current': 2000.0, 'min': 1500.0, 'max': 2000.0}, {'current': 3518.05, 'min': 1500.0, 'max': 2000.0}, {'current': 2000.0, 'min': 1500.0, 'max': 2000.0}, {'current': 2000.0, 'min': 1500.0, 'max': 2000.0}, {'current': 2000.0, 'min': 1500.0, 'max': 2000.0}, {'current': 2000.0, 'min': 1500.0, 'max': 2000.0}, {'current': 2000.0, 'min': 1500.0, 'max': 2000.0}, {'current': 2000.0, 'min': 1500.0, 'max': 2000.0}, {'current': 2000.0, 'min': 1500.0, 'max': 2000.0}, {'current': 2000.0, 'min': 1500.0, 'max': 2000.0}, {'current': 2000.0, 'min': 1500.0, 'max': 2000.0}, {'current': 2000.0, 'min': 1500.0, 'max': 2000.0}, {'current': 2000.0, 'min': 1500.0, 'max': 2000.0}, {'current': 2000.0, 'min': 1500.0, 'max': 2000.0}, {'current': 2000.0, 'min': 1500.0, 'max': 2000.0}, {'current': 2000.0, 'min': 1500.0, 'max': 2000.0}, {'current': 2000.0, 'min': 1500.0, 'max': 2000.0}, {'current': 2000.0, 'min': 1500.0, 'max': 2000.0}, {'current': 2000.0, 'min': 1500.0, 'max': 2000.0}, {'current': 2000.0, 'min': 1500.0, 'max': 2000.0}, {'current': 2000.0, 'min': 1500.0, 'max': 2000.0}, {'current': 2000.0, 'min': 1500.0, 'max': 2000.0}, {'current': 2000.0, 'min': 1500.0, 'max': 2000.0}, {'current': 2000.0, 'min': 1500.0, 'max': 2000.0}, {'current': 2000.0, 'min': 1500.0, 'max': 2000.0}, {'current': 2000.0, 'min': 1500.0, 'max': 2000.0}, {'current': 2000.0, 'min': 1500.0, 'max': 2000.0}, {'current': 2000.0, 'min': 1500.0, 'max': 2000.0}, {'current': 2000.0, 'min': 1500.0, 'max': 2000.0}, {'current': 2000.0, 'min': 1500.0, 'max': 2000.0}, {'current': 2000.0, 'min': 1500.0, 'max': 2000.0}, {'current': 2000.0, 'min': 1500.0, 'max': 2000.0}, {'current': 2000.0, 'min': 1500.0, 'max': 2000.0}, {'current': 2000.0, 'min': 1500.0, 'max': 2000.0}, {'current': 2000.0, 'min': 1500.0, 'max': 2000.0}, {'current': 2000.0, 'min': 1500.0, 'max': 2000.0}, {'current': 2000.0, 'min': 1500.0, 'max': 2000.0}, {'current': 2000.0, 'min': 1500.0, 'max': 2000.0}, {'current': 2000.0, 'min': 1500.0, 'max': 2000.0}, {'current': 2000.0, 'min': 1500.0, 'max': 2000.0}, {'current': 2000.0, 'min': 1500.0, 'max': 2000.0}, {'current': 2000.0, 'min': 1500.0, 'max': 2000.0}, {'current': 2000.0, 'min': 1500.0, 'max': 2000.0}, {'current': 2000.0, 'min': 1500.0, 'max': 2000.0}, {'current': 2000.0, 'min': 1500.0, 'max': 2000.0}, {'current': 2000.0, 'min': 1500.0, 'max': 2000.0}, {'current': 2000.0, 'min': 1500.0, 'max': 2000.0}, {'current': 2000.0, 'min': 1500.0, 'max': 2000.0}, {'current': 2000.0, 'min': 1500.0, 'max': 2000.0}, {'current': 2000.0, 'min': 1500.0, 'max': 2000.0}, {'current': 2000.0, 'min': 1500.0, 'max': 2000.0}, {'current': 2000.0, 'min': 1500.0, 'max': 2000.0}, {'current': 2000.0, 'min': 1500.0, 'max': 2000.0}, {'current': 2000.0, 'min': 1500.0, 'max': 2000.0}, {'current': 2000.0, 'min': 1500.0, 'max': 2000.0}, {'current': 2000.0, 'min': 1500.0, 'max': 2000.0}, {'current': 2000.0, 'min': 1500.0, 'max': 2000.0}, {'current': 2000.0, 'min': 1500.0, 'max': 2000.0}, {'current': 2000.0, 'min': 1500.0, 'max': 2000.0}, {'current': 2000.0, 'min': 1500.0, 'max': 2000.0}, {'current': 2000.0, 'min': 1500.0, 'max': 2000.0}, {'current': 2000.0, 'min': 1500.0, 'max': 2000.0}, {'current': 2000.0, 'min': 1500.0, 'max': 2000.0}, {'current': 2000.0, 'min': 1500.0, 'max': 2000.0}, {'current': 2000.0, 'min': 1500.0, 'max': 2000.0}, {'current': 2000.0, 'min': 1500.0, 'max': 2000.0}, {'current': 2000.0, 'min': 1500.0, 'max': 2000.0}, {'current': 2000.0, 'min': 1500.0, 'max': 2000.0}, {'current': 2000.0, 'min': 1500.0, 'max': 2000.0}, {'current': 2000.0, 'min': 1500.0, 'max': 2000.0}, {'current': 2000.0, 'min': 1500.0, 'max': 2000.0}, {'current': 2000.0, 'min': 1500.0, 'max': 2000.0}, {'current': 2000.0, 'min': 1500.0, 'max': 2000.0}, {'current': 2000.0, 'min': 1500.0, 'max': 2000.0}, {'current': 2000.0, 'min': 1500.0, 'max': 2000.0}, {'current': 2000.0, 'min': 1500.0, 'max': 2000.0}, {'current': 2000.0, 'min': 1500.0, 'max': 2000.0}, {'current': 2000.0, 'min': 1500.0, 'max': 2000.0}, {'current': 2000.0, 'min': 1500.0, 'max': 2000.0}, {'current': 2000.0, 'min': 1500.0, 'max': 2000.0}, {'current': 2000.0, 'min': 1500.0, 'max': 2000.0}], 'disk': {'/': {'total': 125.1918716430664, 'used': 0.3861961364746094}}, 'gpu_count': 7, 'gpu_devices': [{'id': '0x7408', 'unique_id': '0xe7a2ba415fda9720', 'vbios_version': '113-D65201-046', 'performance_level': 'auto', 'max_power': '560.0', 'series': 'AMD INSTINCT MI200 (MCM) OAM LC MBA HPE C2', 'model': '0x0b0c', 'vendor': 'Advanced Micro Devices, Inc. [AMD/ATI]', 'sku': 'D65201', 'sclk_range': '500Mhz - 1700Mhz', 'mclk_range': '400Mhz - 1600Mhz'}, {'id': '0x7408', 'unique_id': '0x87b137ed380bd920', 'vbios_version': '113-D65201-046', 'performance_level': 'auto', 'max_power': '560.0', 'series': 'AMD INSTINCT MI200 (MCM) OAM LC MBA HPE C2', 'model': '0x0b0c', 'vendor': 'Advanced Micro Devices, Inc. [AMD/ATI]', 'sku': 'D65201', 'sclk_range': '500Mhz - 1700Mhz', 'mclk_range': '400Mhz - 1600Mhz'}, {'id': '0x7408', 'unique_id': '0x9a68ed34eac09000', 'vbios_version': '113-D65201-046', 'performance_level': 'auto', 'max_power': '0.0', 'series': 'AMD INSTINCT MI200 (MCM) OAM LC MBA HPE C2', 'model': '0x0b0c', 'vendor': 'Advanced Micro Devices, Inc. [AMD/ATI]', 'sku': 'D65201', 'sclk_range': '500Mhz - 1700Mhz', 'mclk_range': '400Mhz - 1600Mhz'}, {'id': '0x7408', 'unique_id': '0xbfb55bec3c7440df', 'vbios_version': '113-D65201-046', 'performance_level': 'auto', 'max_power': '560.0', 'series': 'AMD INSTINCT MI200 (MCM) OAM LC MBA HPE C2', 'model': '0x0b0c', 'vendor': 'Advanced Micro Devices, Inc. [AMD/ATI]', 'sku': 'D65201', 'sclk_range': '500Mhz - 1700Mhz', 'mclk_range': '400Mhz - 1600Mhz'}, {'id': '0x7408', 'unique_id': '0xec50cc892122ea26', 'vbios_version': '113-D65201-046', 'performance_level': 'auto', 'max_power': '0.0', 'series': 'AMD INSTINCT MI200 (MCM) OAM LC MBA HPE C2', 'model': '0x0b0c', 'vendor': 'Advanced Micro Devices, Inc. [AMD/ATI]', 'sku': 'D65201', 'sclk_range': '500Mhz - 1700Mhz', 'mclk_range': '400Mhz - 1600Mhz'}, {'id': '0x7408', 'unique_id': '0xc634c1e5df022d13', 'vbios_version': '113-D65201-046', 'performance_level': 'auto', 'max_power': '560.0', 'series': 'AMD INSTINCT MI200 (MCM) OAM LC MBA HPE C2', 'model': '0x0b0c', 'vendor': 'Advanced Micro Devices, Inc. [AMD/ATI]', 'sku': 'D65201', 'sclk_range': '500Mhz - 1700Mhz', 'mclk_range': '400Mhz - 1600Mhz'}, {'id': '0x7408', 'unique_id': '0x73f8b3de2396565e', 'vbios_version': '113-D65201-046', 'performance_level': 'auto', 'max_power': '0.0', 'series': 'AMD INSTINCT MI200 (MCM) OAM LC MBA HPE C2', 'model': '0x0b0c', 'vendor': 'Advanced Micro Devices, Inc. [AMD/ATI]', 'sku': 'D65201', 'sclk_range': '500Mhz - 1700Mhz', 'mclk_range': '400Mhz - 1600Mhz'}], 'memory': {'total': 250.3837432861328}}
2025-03-20 01:21:50,626 INFO    HandlerThread:3867974 [system_monitor.py:probe():224] Finished collecting system info
2025-03-20 01:21:50,626 INFO    HandlerThread:3867974 [system_monitor.py:probe():227] Publishing system info
2025-03-20 01:21:50,626 DEBUG   HandlerThread:3867974 [system_info.py:_save_conda():208] Saving list of conda packages installed into the current environment
2025-03-20 01:21:50,826 INFO    Thread-12 :3867974 [dir_watcher.py:_on_file_created():271] file/dir created: /scratch/pawsey1001/haodongyang/loretta/bert_model/wandb/run-20250320_012149-rdw43frv/files/conda-environment.yaml
2025-03-20 01:21:52,758 WARNING gpuamd    :3867974 [gpu_amd.py:parse_stats():83] Could not parse GPU power as float
2025-03-20 01:21:52,758 WARNING gpuamd    :3867974 [gpu_amd.py:parse_stats():91] Could not parse GPU average/max power as float
2025-03-20 01:21:52,758 WARNING gpuamd    :3867974 [gpu_amd.py:parse_stats():83] Could not parse GPU power as float
2025-03-20 01:21:52,758 WARNING gpuamd    :3867974 [gpu_amd.py:parse_stats():91] Could not parse GPU average/max power as float
2025-03-20 01:21:52,758 WARNING gpuamd    :3867974 [gpu_amd.py:parse_stats():83] Could not parse GPU power as float
2025-03-20 01:21:52,758 WARNING gpuamd    :3867974 [gpu_amd.py:parse_stats():91] Could not parse GPU average/max power as float
2025-03-20 01:21:53,431 DEBUG   HandlerThread:3867974 [system_info.py:_save_conda():220] Saving conda packages done
2025-03-20 01:21:53,447 INFO    HandlerThread:3867974 [system_monitor.py:probe():229] Finished publishing system info
2025-03-20 01:21:53,461 DEBUG   SenderThread:3867974 [sender.py:send():382] send: files
2025-03-20 01:21:53,461 INFO    SenderThread:3867974 [sender.py:_save_file():1403] saving file wandb-metadata.json with policy now
2025-03-20 01:21:53,469 DEBUG   HandlerThread:3867974 [handler.py:handle_request():146] handle_request: python_packages
2025-03-20 01:21:53,469 DEBUG   SenderThread:3867974 [sender.py:send_request():409] send_request: python_packages
2025-03-20 01:21:53,470 DEBUG   HandlerThread:3867974 [handler.py:handle_request():146] handle_request: stop_status
2025-03-20 01:21:53,471 DEBUG   HandlerThread:3867974 [handler.py:handle_request():146] handle_request: internal_messages
2025-03-20 01:21:53,472 DEBUG   SenderThread:3867974 [sender.py:send_request():409] send_request: stop_status
2025-03-20 01:21:53,828 INFO    Thread-12 :3867974 [dir_watcher.py:_on_file_modified():288] file/dir modified: /scratch/pawsey1001/haodongyang/loretta/bert_model/wandb/run-20250320_012149-rdw43frv/files/conda-environment.yaml
2025-03-20 01:21:53,828 INFO    Thread-12 :3867974 [dir_watcher.py:_on_file_created():271] file/dir created: /scratch/pawsey1001/haodongyang/loretta/bert_model/wandb/run-20250320_012149-rdw43frv/files/requirements.txt
2025-03-20 01:21:53,828 INFO    Thread-12 :3867974 [dir_watcher.py:_on_file_created():271] file/dir created: /scratch/pawsey1001/haodongyang/loretta/bert_model/wandb/run-20250320_012149-rdw43frv/files/wandb-metadata.json
2025-03-20 01:21:53,913 DEBUG   SenderThread:3867974 [sender.py:send():382] send: telemetry
2025-03-20 01:21:54,742 INFO    wandb-upload_0:3867974 [upload_job.py:push():131] Uploaded file /tmp/tmpfoq2sx_dwandb/2la68qvu-wandb-metadata.json
2025-03-20 01:21:54,829 INFO    Thread-12 :3867974 [dir_watcher.py:_on_file_created():271] file/dir created: /scratch/pawsey1001/haodongyang/loretta/bert_model/wandb/run-20250320_012149-rdw43frv/files/output.log
2025-03-20 01:21:54,969 WARNING gpuamd    :3867974 [gpu_amd.py:parse_stats():83] Could not parse GPU power as float
2025-03-20 01:21:54,969 WARNING gpuamd    :3867974 [gpu_amd.py:parse_stats():91] Could not parse GPU average/max power as float
2025-03-20 01:21:54,969 WARNING gpuamd    :3867974 [gpu_amd.py:parse_stats():83] Could not parse GPU power as float
2025-03-20 01:21:54,969 WARNING gpuamd    :3867974 [gpu_amd.py:parse_stats():91] Could not parse GPU average/max power as float
2025-03-20 01:21:54,969 WARNING gpuamd    :3867974 [gpu_amd.py:parse_stats():83] Could not parse GPU power as float
2025-03-20 01:21:54,969 WARNING gpuamd    :3867974 [gpu_amd.py:parse_stats():91] Could not parse GPU average/max power as float
2025-03-20 01:21:55,084 DEBUG   HandlerThread:3867974 [handler.py:handle_request():146] handle_request: status_report
2025-03-20 01:21:56,830 INFO    Thread-12 :3867974 [dir_watcher.py:_on_file_modified():288] file/dir modified: /scratch/pawsey1001/haodongyang/loretta/bert_model/wandb/run-20250320_012149-rdw43frv/files/output.log
2025-03-20 01:21:57,175 WARNING gpuamd    :3867974 [gpu_amd.py:parse_stats():83] Could not parse GPU power as float
2025-03-20 01:21:57,175 WARNING gpuamd    :3867974 [gpu_amd.py:parse_stats():91] Could not parse GPU average/max power as float
2025-03-20 01:21:57,175 WARNING gpuamd    :3867974 [gpu_amd.py:parse_stats():83] Could not parse GPU power as float
2025-03-20 01:21:57,175 WARNING gpuamd    :3867974 [gpu_amd.py:parse_stats():91] Could not parse GPU average/max power as float
2025-03-20 01:21:57,175 WARNING gpuamd    :3867974 [gpu_amd.py:parse_stats():83] Could not parse GPU power as float
2025-03-20 01:21:57,175 WARNING gpuamd    :3867974 [gpu_amd.py:parse_stats():91] Could not parse GPU average/max power as float
2025-03-20 01:21:58,831 INFO    Thread-12 :3867974 [dir_watcher.py:_on_file_modified():288] file/dir modified: /scratch/pawsey1001/haodongyang/loretta/bert_model/wandb/run-20250320_012149-rdw43frv/files/output.log
2025-03-20 01:21:59,379 WARNING gpuamd    :3867974 [gpu_amd.py:parse_stats():83] Could not parse GPU power as float
2025-03-20 01:21:59,379 WARNING gpuamd    :3867974 [gpu_amd.py:parse_stats():91] Could not parse GPU average/max power as float
2025-03-20 01:21:59,379 WARNING gpuamd    :3867974 [gpu_amd.py:parse_stats():83] Could not parse GPU power as float
2025-03-20 01:21:59,380 WARNING gpuamd    :3867974 [gpu_amd.py:parse_stats():91] Could not parse GPU average/max power as float
2025-03-20 01:21:59,380 WARNING gpuamd    :3867974 [gpu_amd.py:parse_stats():83] Could not parse GPU power as float
2025-03-20 01:21:59,380 WARNING gpuamd    :3867974 [gpu_amd.py:parse_stats():91] Could not parse GPU average/max power as float
2025-03-20 01:22:00,256 DEBUG   HandlerThread:3867974 [handler.py:handle_request():146] handle_request: status_report
2025-03-20 01:22:00,832 INFO    Thread-12 :3867974 [dir_watcher.py:_on_file_modified():288] file/dir modified: /scratch/pawsey1001/haodongyang/loretta/bert_model/wandb/run-20250320_012149-rdw43frv/files/output.log
2025-03-20 01:22:01,583 WARNING gpuamd    :3867974 [gpu_amd.py:parse_stats():83] Could not parse GPU power as float
2025-03-20 01:22:01,583 WARNING gpuamd    :3867974 [gpu_amd.py:parse_stats():91] Could not parse GPU average/max power as float
2025-03-20 01:22:01,584 WARNING gpuamd    :3867974 [gpu_amd.py:parse_stats():83] Could not parse GPU power as float
2025-03-20 01:22:01,584 WARNING gpuamd    :3867974 [gpu_amd.py:parse_stats():91] Could not parse GPU average/max power as float
2025-03-20 01:22:01,584 WARNING gpuamd    :3867974 [gpu_amd.py:parse_stats():83] Could not parse GPU power as float
2025-03-20 01:22:01,584 WARNING gpuamd    :3867974 [gpu_amd.py:parse_stats():91] Could not parse GPU average/max power as float
2025-03-20 01:22:02,833 INFO    Thread-12 :3867974 [dir_watcher.py:_on_file_modified():288] file/dir modified: /scratch/pawsey1001/haodongyang/loretta/bert_model/wandb/run-20250320_012149-rdw43frv/files/output.log
2025-03-20 01:22:03,791 WARNING gpuamd    :3867974 [gpu_amd.py:parse_stats():83] Could not parse GPU power as float
2025-03-20 01:22:03,791 WARNING gpuamd    :3867974 [gpu_amd.py:parse_stats():91] Could not parse GPU average/max power as float
2025-03-20 01:22:03,791 WARNING gpuamd    :3867974 [gpu_amd.py:parse_stats():83] Could not parse GPU power as float
2025-03-20 01:22:03,791 WARNING gpuamd    :3867974 [gpu_amd.py:parse_stats():91] Could not parse GPU average/max power as float
2025-03-20 01:22:03,791 WARNING gpuamd    :3867974 [gpu_amd.py:parse_stats():83] Could not parse GPU power as float
2025-03-20 01:22:03,791 WARNING gpuamd    :3867974 [gpu_amd.py:parse_stats():91] Could not parse GPU average/max power as float
2025-03-20 01:22:04,834 INFO    Thread-12 :3867974 [dir_watcher.py:_on_file_modified():288] file/dir modified: /scratch/pawsey1001/haodongyang/loretta/bert_model/wandb/run-20250320_012149-rdw43frv/files/output.log
2025-03-20 01:22:05,386 DEBUG   HandlerThread:3867974 [handler.py:handle_request():146] handle_request: status_report
2025-03-20 01:22:05,996 WARNING gpuamd    :3867974 [gpu_amd.py:parse_stats():83] Could not parse GPU power as float
2025-03-20 01:22:05,996 WARNING gpuamd    :3867974 [gpu_amd.py:parse_stats():91] Could not parse GPU average/max power as float
2025-03-20 01:22:05,996 WARNING gpuamd    :3867974 [gpu_amd.py:parse_stats():83] Could not parse GPU power as float
2025-03-20 01:22:05,996 WARNING gpuamd    :3867974 [gpu_amd.py:parse_stats():91] Could not parse GPU average/max power as float
2025-03-20 01:22:05,996 WARNING gpuamd    :3867974 [gpu_amd.py:parse_stats():83] Could not parse GPU power as float
2025-03-20 01:22:05,996 WARNING gpuamd    :3867974 [gpu_amd.py:parse_stats():91] Could not parse GPU average/max power as float
2025-03-20 01:22:06,835 INFO    Thread-12 :3867974 [dir_watcher.py:_on_file_modified():288] file/dir modified: /scratch/pawsey1001/haodongyang/loretta/bert_model/wandb/run-20250320_012149-rdw43frv/files/output.log
2025-03-20 01:22:08,202 WARNING gpuamd    :3867974 [gpu_amd.py:parse_stats():83] Could not parse GPU power as float
2025-03-20 01:22:08,202 WARNING gpuamd    :3867974 [gpu_amd.py:parse_stats():91] Could not parse GPU average/max power as float
2025-03-20 01:22:08,202 WARNING gpuamd    :3867974 [gpu_amd.py:parse_stats():83] Could not parse GPU power as float
2025-03-20 01:22:08,202 WARNING gpuamd    :3867974 [gpu_amd.py:parse_stats():91] Could not parse GPU average/max power as float
2025-03-20 01:22:08,202 WARNING gpuamd    :3867974 [gpu_amd.py:parse_stats():83] Could not parse GPU power as float
2025-03-20 01:22:08,202 WARNING gpuamd    :3867974 [gpu_amd.py:parse_stats():91] Could not parse GPU average/max power as float
2025-03-20 01:22:08,470 DEBUG   HandlerThread:3867974 [handler.py:handle_request():146] handle_request: stop_status
2025-03-20 01:22:08,471 DEBUG   HandlerThread:3867974 [handler.py:handle_request():146] handle_request: internal_messages
2025-03-20 01:22:08,471 DEBUG   SenderThread:3867974 [sender.py:send_request():409] send_request: stop_status
2025-03-20 01:22:08,836 INFO    Thread-12 :3867974 [dir_watcher.py:_on_file_modified():288] file/dir modified: /scratch/pawsey1001/haodongyang/loretta/bert_model/wandb/run-20250320_012149-rdw43frv/files/output.log
2025-03-20 01:22:10,407 WARNING gpuamd    :3867974 [gpu_amd.py:parse_stats():83] Could not parse GPU power as float
2025-03-20 01:22:10,407 WARNING gpuamd    :3867974 [gpu_amd.py:parse_stats():91] Could not parse GPU average/max power as float
2025-03-20 01:22:10,407 WARNING gpuamd    :3867974 [gpu_amd.py:parse_stats():83] Could not parse GPU power as float
2025-03-20 01:22:10,407 WARNING gpuamd    :3867974 [gpu_amd.py:parse_stats():91] Could not parse GPU average/max power as float
2025-03-20 01:22:10,407 WARNING gpuamd    :3867974 [gpu_amd.py:parse_stats():83] Could not parse GPU power as float
2025-03-20 01:22:10,407 WARNING gpuamd    :3867974 [gpu_amd.py:parse_stats():91] Could not parse GPU average/max power as float
2025-03-20 01:22:10,495 DEBUG   HandlerThread:3867974 [handler.py:handle_request():146] handle_request: status_report
2025-03-20 01:22:10,837 INFO    Thread-12 :3867974 [dir_watcher.py:_on_file_modified():288] file/dir modified: /scratch/pawsey1001/haodongyang/loretta/bert_model/wandb/run-20250320_012149-rdw43frv/files/output.log
2025-03-20 01:22:12,614 WARNING gpuamd    :3867974 [gpu_amd.py:parse_stats():83] Could not parse GPU power as float
2025-03-20 01:22:12,614 WARNING gpuamd    :3867974 [gpu_amd.py:parse_stats():91] Could not parse GPU average/max power as float
2025-03-20 01:22:12,614 WARNING gpuamd    :3867974 [gpu_amd.py:parse_stats():83] Could not parse GPU power as float
2025-03-20 01:22:12,614 WARNING gpuamd    :3867974 [gpu_amd.py:parse_stats():91] Could not parse GPU average/max power as float
2025-03-20 01:22:12,614 WARNING gpuamd    :3867974 [gpu_amd.py:parse_stats():83] Could not parse GPU power as float
2025-03-20 01:22:12,614 WARNING gpuamd    :3867974 [gpu_amd.py:parse_stats():91] Could not parse GPU average/max power as float
2025-03-20 01:22:12,838 INFO    Thread-12 :3867974 [dir_watcher.py:_on_file_modified():288] file/dir modified: /scratch/pawsey1001/haodongyang/loretta/bert_model/wandb/run-20250320_012149-rdw43frv/files/output.log
2025-03-20 01:22:14,818 WARNING gpuamd    :3867974 [gpu_amd.py:parse_stats():83] Could not parse GPU power as float
2025-03-20 01:22:14,818 WARNING gpuamd    :3867974 [gpu_amd.py:parse_stats():91] Could not parse GPU average/max power as float
2025-03-20 01:22:14,818 WARNING gpuamd    :3867974 [gpu_amd.py:parse_stats():83] Could not parse GPU power as float
2025-03-20 01:22:14,818 WARNING gpuamd    :3867974 [gpu_amd.py:parse_stats():91] Could not parse GPU average/max power as float
2025-03-20 01:22:14,818 WARNING gpuamd    :3867974 [gpu_amd.py:parse_stats():83] Could not parse GPU power as float
2025-03-20 01:22:14,819 WARNING gpuamd    :3867974 [gpu_amd.py:parse_stats():91] Could not parse GPU average/max power as float
2025-03-20 01:22:14,839 INFO    Thread-12 :3867974 [dir_watcher.py:_on_file_modified():288] file/dir modified: /scratch/pawsey1001/haodongyang/loretta/bert_model/wandb/run-20250320_012149-rdw43frv/files/output.log
2025-03-20 01:22:15,619 DEBUG   HandlerThread:3867974 [handler.py:handle_request():146] handle_request: status_report
2025-03-20 01:22:16,840 INFO    Thread-12 :3867974 [dir_watcher.py:_on_file_modified():288] file/dir modified: /scratch/pawsey1001/haodongyang/loretta/bert_model/wandb/run-20250320_012149-rdw43frv/files/output.log
2025-03-20 01:22:17,022 WARNING gpuamd    :3867974 [gpu_amd.py:parse_stats():83] Could not parse GPU power as float
2025-03-20 01:22:17,023 WARNING gpuamd    :3867974 [gpu_amd.py:parse_stats():91] Could not parse GPU average/max power as float
2025-03-20 01:22:17,023 WARNING gpuamd    :3867974 [gpu_amd.py:parse_stats():83] Could not parse GPU power as float
2025-03-20 01:22:17,023 WARNING gpuamd    :3867974 [gpu_amd.py:parse_stats():91] Could not parse GPU average/max power as float
2025-03-20 01:22:17,023 WARNING gpuamd    :3867974 [gpu_amd.py:parse_stats():83] Could not parse GPU power as float
2025-03-20 01:22:17,023 WARNING gpuamd    :3867974 [gpu_amd.py:parse_stats():91] Could not parse GPU average/max power as float
2025-03-20 01:22:18,569 DEBUG   SenderThread:3867974 [sender.py:send():382] send: exit
2025-03-20 01:22:18,570 INFO    SenderThread:3867974 [sender.py:send_exit():589] handling exit code: 1
2025-03-20 01:22:18,570 INFO    SenderThread:3867974 [sender.py:send_exit():591] handling runtime: 28
2025-03-20 01:22:18,572 INFO    SenderThread:3867974 [sender.py:_save_file():1403] saving file wandb-summary.json with policy end
2025-03-20 01:22:18,572 INFO    SenderThread:3867974 [sender.py:send_exit():597] send defer
2025-03-20 01:22:18,572 DEBUG   HandlerThread:3867974 [handler.py:handle_request():146] handle_request: defer
2025-03-20 01:22:18,572 INFO    HandlerThread:3867974 [handler.py:handle_request_defer():172] handle defer: 0
2025-03-20 01:22:18,572 DEBUG   SenderThread:3867974 [sender.py:send_request():409] send_request: defer
2025-03-20 01:22:18,572 INFO    SenderThread:3867974 [sender.py:send_request_defer():613] handle sender defer: 0
2025-03-20 01:22:18,573 INFO    SenderThread:3867974 [sender.py:transition_state():617] send defer: 1
2025-03-20 01:22:18,573 DEBUG   HandlerThread:3867974 [handler.py:handle_request():146] handle_request: defer
2025-03-20 01:22:18,573 INFO    HandlerThread:3867974 [handler.py:handle_request_defer():172] handle defer: 1
2025-03-20 01:22:18,573 DEBUG   SenderThread:3867974 [sender.py:send_request():409] send_request: defer
2025-03-20 01:22:18,573 INFO    SenderThread:3867974 [sender.py:send_request_defer():613] handle sender defer: 1
2025-03-20 01:22:18,573 INFO    SenderThread:3867974 [sender.py:transition_state():617] send defer: 2
2025-03-20 01:22:18,573 DEBUG   HandlerThread:3867974 [handler.py:handle_request():146] handle_request: defer
2025-03-20 01:22:18,573 INFO    HandlerThread:3867974 [handler.py:handle_request_defer():172] handle defer: 2
2025-03-20 01:22:18,573 INFO    HandlerThread:3867974 [system_monitor.py:finish():203] Stopping system monitor
2025-03-20 01:22:18,574 DEBUG   SystemMonitor:3867974 [system_monitor.py:_start():172] Starting system metrics aggregation loop
2025-03-20 01:22:18,575 INFO    HandlerThread:3867974 [interfaces.py:finish():202] Joined cpu monitor
2025-03-20 01:22:18,575 DEBUG   SystemMonitor:3867974 [system_monitor.py:_start():179] Finished system metrics aggregation loop
2025-03-20 01:22:18,575 INFO    HandlerThread:3867974 [interfaces.py:finish():202] Joined disk monitor
2025-03-20 01:22:18,575 DEBUG   SystemMonitor:3867974 [system_monitor.py:_start():183] Publishing last batch of metrics
2025-03-20 01:22:18,575 INFO    HandlerThread:3867974 [interfaces.py:finish():202] Joined gpuamd monitor
2025-03-20 01:22:18,577 INFO    HandlerThread:3867974 [interfaces.py:finish():202] Joined memory monitor
2025-03-20 01:22:18,577 INFO    HandlerThread:3867974 [interfaces.py:finish():202] Joined network monitor
2025-03-20 01:22:18,577 DEBUG   SenderThread:3867974 [sender.py:send_request():409] send_request: defer
2025-03-20 01:22:18,578 INFO    SenderThread:3867974 [sender.py:send_request_defer():613] handle sender defer: 2
2025-03-20 01:22:18,578 INFO    SenderThread:3867974 [sender.py:transition_state():617] send defer: 3
2025-03-20 01:22:18,578 DEBUG   SenderThread:3867974 [sender.py:send():382] send: telemetry
2025-03-20 01:22:18,578 DEBUG   HandlerThread:3867974 [handler.py:handle_request():146] handle_request: defer
2025-03-20 01:22:18,578 DEBUG   SenderThread:3867974 [sender.py:send():382] send: stats
2025-03-20 01:22:18,578 INFO    HandlerThread:3867974 [handler.py:handle_request_defer():172] handle defer: 3
2025-03-20 01:22:18,579 DEBUG   SenderThread:3867974 [sender.py:send_request():409] send_request: defer
2025-03-20 01:22:18,579 INFO    SenderThread:3867974 [sender.py:send_request_defer():613] handle sender defer: 3
2025-03-20 01:22:18,579 INFO    SenderThread:3867974 [sender.py:transition_state():617] send defer: 4
2025-03-20 01:22:18,579 DEBUG   HandlerThread:3867974 [handler.py:handle_request():146] handle_request: defer
2025-03-20 01:22:18,579 INFO    HandlerThread:3867974 [handler.py:handle_request_defer():172] handle defer: 4
2025-03-20 01:22:18,580 DEBUG   SenderThread:3867974 [sender.py:send_request():409] send_request: defer
2025-03-20 01:22:18,580 INFO    SenderThread:3867974 [sender.py:send_request_defer():613] handle sender defer: 4
2025-03-20 01:22:18,580 INFO    SenderThread:3867974 [sender.py:transition_state():617] send defer: 5
2025-03-20 01:22:18,580 DEBUG   HandlerThread:3867974 [handler.py:handle_request():146] handle_request: defer
2025-03-20 01:22:18,580 INFO    HandlerThread:3867974 [handler.py:handle_request_defer():172] handle defer: 5
2025-03-20 01:22:18,580 DEBUG   SenderThread:3867974 [sender.py:send():382] send: summary
2025-03-20 01:22:18,582 INFO    SenderThread:3867974 [sender.py:_save_file():1403] saving file wandb-summary.json with policy end
2025-03-20 01:22:18,582 DEBUG   SenderThread:3867974 [sender.py:send_request():409] send_request: defer
2025-03-20 01:22:18,582 INFO    SenderThread:3867974 [sender.py:send_request_defer():613] handle sender defer: 5
2025-03-20 01:22:18,582 INFO    SenderThread:3867974 [sender.py:transition_state():617] send defer: 6
2025-03-20 01:22:18,582 DEBUG   HandlerThread:3867974 [handler.py:handle_request():146] handle_request: defer
2025-03-20 01:22:18,582 INFO    HandlerThread:3867974 [handler.py:handle_request_defer():172] handle defer: 6
2025-03-20 01:22:18,583 DEBUG   SenderThread:3867974 [sender.py:send_request():409] send_request: defer
2025-03-20 01:22:18,583 INFO    SenderThread:3867974 [sender.py:send_request_defer():613] handle sender defer: 6
2025-03-20 01:22:18,586 DEBUG   HandlerThread:3867974 [handler.py:handle_request():146] handle_request: status_report
2025-03-20 01:22:18,841 INFO    Thread-12 :3867974 [dir_watcher.py:_on_file_modified():288] file/dir modified: /scratch/pawsey1001/haodongyang/loretta/bert_model/wandb/run-20250320_012149-rdw43frv/files/output.log
2025-03-20 01:22:18,842 INFO    Thread-12 :3867974 [dir_watcher.py:_on_file_created():271] file/dir created: /scratch/pawsey1001/haodongyang/loretta/bert_model/wandb/run-20250320_012149-rdw43frv/files/wandb-summary.json
2025-03-20 01:22:18,875 INFO    SenderThread:3867974 [sender.py:transition_state():617] send defer: 7
2025-03-20 01:22:18,875 DEBUG   HandlerThread:3867974 [handler.py:handle_request():146] handle_request: defer
2025-03-20 01:22:18,875 INFO    HandlerThread:3867974 [handler.py:handle_request_defer():172] handle defer: 7
2025-03-20 01:22:18,875 DEBUG   SenderThread:3867974 [sender.py:send_request():409] send_request: defer
2025-03-20 01:22:18,875 INFO    SenderThread:3867974 [sender.py:send_request_defer():613] handle sender defer: 7
2025-03-20 01:22:19,570 DEBUG   HandlerThread:3867974 [handler.py:handle_request():146] handle_request: poll_exit
2025-03-20 01:22:19,843 INFO    Thread-12 :3867974 [dir_watcher.py:_on_file_modified():288] file/dir modified: /scratch/pawsey1001/haodongyang/loretta/bert_model/wandb/run-20250320_012149-rdw43frv/files/config.yaml
2025-03-20 01:22:20,142 INFO    SenderThread:3867974 [sender.py:transition_state():617] send defer: 8
2025-03-20 01:22:20,142 DEBUG   SenderThread:3867974 [sender.py:send_request():409] send_request: poll_exit
2025-03-20 01:22:20,142 DEBUG   HandlerThread:3867974 [handler.py:handle_request():146] handle_request: defer
2025-03-20 01:22:20,142 INFO    HandlerThread:3867974 [handler.py:handle_request_defer():172] handle defer: 8
2025-03-20 01:22:20,143 DEBUG   SenderThread:3867974 [sender.py:send_request():409] send_request: defer
2025-03-20 01:22:20,143 INFO    SenderThread:3867974 [sender.py:send_request_defer():613] handle sender defer: 8
2025-03-20 01:22:20,143 INFO    SenderThread:3867974 [job_builder.py:build():296] Attempting to build job artifact
2025-03-20 01:22:20,143 INFO    SenderThread:3867974 [job_builder.py:_get_source_type():426] is repo sourced job
2025-03-20 01:22:20,570 DEBUG   HandlerThread:3867974 [handler.py:handle_request():146] handle_request: poll_exit
2025-03-20 01:22:20,570 INFO    HandlerThread:3867974 [handler.py:finish():869] shutting down handler
2025-03-20 01:22:20,571 INFO    WriterThread:3867974 [datastore.py:close():296] close: /scratch/pawsey1001/haodongyang/loretta/bert_model/wandb/run-20250320_012149-rdw43frv/run-rdw43frv.wandb
2025-03-20 01:22:20,844 INFO    Thread-12 :3867974 [dir_watcher.py:_on_file_modified():288] file/dir modified: /scratch/pawsey1001/haodongyang/loretta/bert_model/wandb/run-20250320_012149-rdw43frv/files/output.log
2025-03-20 01:22:21,145 ERROR   StreamThr :3867974 [internal.py:wandb_internal():174] Thread SenderThread:
Traceback (most recent call last):
  File "/scratch/pawsey1001/haodongyang/envs/envs/bert/lib/python3.10/pathlib.py", line 1175, in mkdir
    self._accessor.mkdir(self, mode)
FileNotFoundError: [Errno 2] No such file or directory: '/home/haodongyang/.cache/wandb/artifacts/tmp'

During handling of the above exception, another exception occurred:

Traceback (most recent call last):
  File "/scratch/pawsey1001/haodongyang/envs/envs/bert/lib/python3.10/pathlib.py", line 1175, in mkdir
    self._accessor.mkdir(self, mode)
FileNotFoundError: [Errno 2] No such file or directory: '/home/haodongyang/.cache/wandb/artifacts'

During handling of the above exception, another exception occurred:

Traceback (most recent call last):
  File "/scratch/pawsey1001/haodongyang/envs/envs/bert/lib/python3.10/site-packages/wandb/sdk/internal/internal_util.py", line 49, in run
    self._run()
  File "/scratch/pawsey1001/haodongyang/envs/envs/bert/lib/python3.10/site-packages/wandb/sdk/internal/internal_util.py", line 100, in _run
    self._process(record)
  File "/scratch/pawsey1001/haodongyang/envs/envs/bert/lib/python3.10/site-packages/wandb/sdk/internal/internal.py", line 328, in _process
    self._sm.send(record)
  File "/scratch/pawsey1001/haodongyang/envs/envs/bert/lib/python3.10/site-packages/wandb/sdk/internal/sender.py", line 389, in send
    send_handler(record)
  File "/scratch/pawsey1001/haodongyang/envs/envs/bert/lib/python3.10/site-packages/wandb/sdk/internal/sender.py", line 411, in send_request
    send_handler(record)
  File "/scratch/pawsey1001/haodongyang/envs/envs/bert/lib/python3.10/site-packages/wandb/sdk/internal/sender.py", line 645, in send_request_defer
    self._flush_job()
  File "/scratch/pawsey1001/haodongyang/envs/envs/bert/lib/python3.10/site-packages/wandb/sdk/internal/sender.py", line 1648, in _flush_job
    artifact = self._job_builder.build()
  File "/scratch/pawsey1001/haodongyang/envs/envs/bert/lib/python3.10/site-packages/wandb/sdk/internal/job_builder.py", line 400, in build
    artifact = JobArtifact(name)
  File "/scratch/pawsey1001/haodongyang/envs/envs/bert/lib/python3.10/site-packages/wandb/sdk/internal/job_builder.py", line 75, in __init__
    super().__init__(name, "placeholder", *args, **kwargs)
  File "/scratch/pawsey1001/haodongyang/envs/envs/bert/lib/python3.10/site-packages/wandb/sdk/artifacts/artifact.py", line 145, in __init__
    self._storage_policy = storage_policy_cls.from_config(config=policy_config)
  File "/scratch/pawsey1001/haodongyang/envs/envs/bert/lib/python3.10/site-packages/wandb/sdk/artifacts/storage_policies/wandb_storage_policy.py", line 64, in from_config
    return cls(config=config)
  File "/scratch/pawsey1001/haodongyang/envs/envs/bert/lib/python3.10/site-packages/wandb/sdk/artifacts/storage_policies/wandb_storage_policy.py", line 72, in __init__
    self._cache = cache or get_artifact_file_cache()
  File "/scratch/pawsey1001/haodongyang/envs/envs/bert/lib/python3.10/site-packages/wandb/sdk/artifacts/artifact_file_cache.py", line 206, in get_artifact_file_cache
    _artifact_file_cache = ArtifactFileCache(env.get_cache_dir() / "artifacts")
  File "/scratch/pawsey1001/haodongyang/envs/envs/bert/lib/python3.10/site-packages/wandb/sdk/artifacts/artifact_file_cache.py", line 36, in __init__
    self._temp_dir.mkdir(parents=True, exist_ok=True)
  File "/scratch/pawsey1001/haodongyang/envs/envs/bert/lib/python3.10/pathlib.py", line 1179, in mkdir
    self.parent.mkdir(parents=True, exist_ok=True)
  File "/scratch/pawsey1001/haodongyang/envs/envs/bert/lib/python3.10/pathlib.py", line 1179, in mkdir
    self.parent.mkdir(parents=True, exist_ok=True)
  File "/scratch/pawsey1001/haodongyang/envs/envs/bert/lib/python3.10/pathlib.py", line 1175, in mkdir
    self._accessor.mkdir(self, mode)
OSError: [Errno 122] Disk quota exceeded: '/home/haodongyang/.cache/wandb'
